#
# There is insufficient memory for the Java Runtime Environment to continue.
# Native memory allocation (malloc) failed to allocate 1097456 bytes for Chunk::new
# Possible reasons:
#   The system is out of physical RAM or swap space
#   The process is running with CompressedOops enabled, and the Java Heap may be blocking the growth of the native heap
# Possible solutions:
#   Reduce memory load on the system
#   Increase physical memory or swap space
#   Check if swap backing store is full
#   Decrease Java heap size (-Xmx/-Xms)
#   Decrease number of Java threads
#   Decrease Java thread stack sizes (-Xss)
#   Set larger code cache with -XX:ReservedCodeCacheSize=
#   JVM is running with Zero Based Compressed Oops mode in which the Java heap is
#     placed in the first 32GB address space. The Java Heap base address is the
#     maximum limit for the native heap growth. Please use -XX:HeapBaseMinAddress
#     to set the Java Heap base and to place the Java Heap above 32GB virtual address.
# This output file may be truncated or incomplete.
#
#  Out of Memory Error (./open/src/hotspot/share/memory/arena.cpp:197), pid=10324, tid=19804
#
# JRE version: Java(TM) SE Runtime Environment 18.9 (11.0.20+9) (build 11.0.20+9-LTS-256)
# Java VM: Java HotSpot(TM) 64-Bit Server VM 18.9 (11.0.20+9-LTS-256, mixed mode, tiered, compressed oops, g1 gc, windows-amd64)
# No core dump will be written. Minidumps are not enabled by default on client versions of Windows
#

---------------  S U M M A R Y ------------

Command Line: org.jetbrains.kotlin.cli.jvm.K2JVMCompiler @D:\projetoAmbiental\node_modules\react-native-safe-area-context\android\build\20231106_9883054669405863587.compiler.options

Host: Intel(R) Core(TM) i5-9300H CPU @ 2.40GHz, 8 cores, 19G,  Windows 11 , 64 bit Build 22621 (10.0.22621.2428)
Time: Mon Nov  6 16:39:05 2023 Hora Padrão de Buenos Aires elapsed time: 8.444051 seconds (0d 0h 0m 8s)

---------------  T H R E A D  ---------------

Current thread (0x0000020c1995c800):  JavaThread "C2 CompilerThread2" daemon [_thread_in_native, id=19804, stack(0x0000003e0a600000,0x0000003e0a700000)]


Current CompileTask:
C2:   8444 5407       4       org.jetbrains.kotlin.com.intellij.lang.impl.PsiBuilderImpl::createLeaf (155 bytes)

Stack: [0x0000003e0a600000,0x0000003e0a700000]
Native frames: (J=compiled Java code, j=interpreted, Vv=VM code, C=native code)
V  [jvm.dll+0x6602ba]
V  [jvm.dll+0x7a32af]
V  [jvm.dll+0x7a4979]
V  [jvm.dll+0x7a5013]
V  [jvm.dll+0x258ef5]
V  [jvm.dll+0xb2a0c]
V  [jvm.dll+0xb2fcc]
V  [jvm.dll+0x36764f]
V  [jvm.dll+0x1a2b74]
V  [jvm.dll+0x211d4d]
V  [jvm.dll+0x210bc8]
V  [jvm.dll+0x18cdb1]
V  [jvm.dll+0x220e59]
V  [jvm.dll+0x21f17c]
V  [jvm.dll+0x767061]
V  [jvm.dll+0x75f8e4]
V  [jvm.dll+0x65f165]
C  [ucrtbase.dll+0x29363]
C  [KERNEL32.DLL+0x1257d]
C  [ntdll.dll+0x5aa78]


---------------  P R O C E S S  ---------------

Threads class SMR info:
_java_thread_list=0x0000020c199c9b10, length=12, elements={
0x0000020c6d224800, 0x0000020c14488000, 0x0000020c14493800, 0x0000020c14df5800,
0x0000020c14df9000, 0x0000020c14dfa000, 0x0000020c14da1000, 0x0000020c14dae000,
0x0000020c14e3d000, 0x0000020c14f89000, 0x0000020c159be000, 0x0000020c1995c800
}

Java Threads: ( => current thread )
  0x0000020c6d224800 JavaThread "main" [_thread_in_Java, id=1164, stack(0x0000003e08c00000,0x0000003e08d00000)]
  0x0000020c14488000 JavaThread "Reference Handler" daemon [_thread_blocked, id=21940, stack(0x0000003e09300000,0x0000003e09400000)]
  0x0000020c14493800 JavaThread "Finalizer" daemon [_thread_blocked, id=22960, stack(0x0000003e09400000,0x0000003e09500000)]
  0x0000020c14df5800 JavaThread "Signal Dispatcher" daemon [_thread_blocked, id=4636, stack(0x0000003e09500000,0x0000003e09600000)]
  0x0000020c14df9000 JavaThread "Attach Listener" daemon [_thread_blocked, id=11468, stack(0x0000003e09600000,0x0000003e09700000)]
  0x0000020c14dfa000 JavaThread "Service Thread" daemon [_thread_blocked, id=16300, stack(0x0000003e09700000,0x0000003e09800000)]
  0x0000020c14da1000 JavaThread "C2 CompilerThread0" daemon [_thread_in_native, id=14536, stack(0x0000003e09800000,0x0000003e09900000)]
  0x0000020c14dae000 JavaThread "C1 CompilerThread0" daemon [_thread_in_native, id=11512, stack(0x0000003e09900000,0x0000003e09a00000)]
  0x0000020c14e3d000 JavaThread "Sweeper thread" daemon [_thread_blocked, id=16284, stack(0x0000003e09a00000,0x0000003e09b00000)]
  0x0000020c14f89000 JavaThread "Common-Cleaner" daemon [_thread_blocked, id=17244, stack(0x0000003e09c00000,0x0000003e09d00000)]
  0x0000020c159be000 JavaThread "C2 CompilerThread1" daemon [_thread_in_native, id=13468, stack(0x0000003e0a500000,0x0000003e0a600000)]
=>0x0000020c1995c800 JavaThread "C2 CompilerThread2" daemon [_thread_in_native, id=19804, stack(0x0000003e0a600000,0x0000003e0a700000)]

Other Threads:
  0x0000020c14486800 VMThread "VM Thread" [stack: 0x0000003e09200000,0x0000003e09300000] [id=8936]
  0x0000020c14f88800 WatcherThread [stack: 0x0000003e09b00000,0x0000003e09c00000] [id=320]
  0x0000020c6d23b800 GCTaskThread "GC Thread#0" [stack: 0x0000003e08d00000,0x0000003e08e00000] [id=5656]
  0x0000020c154e9800 GCTaskThread "GC Thread#1" [stack: 0x0000003e09e00000,0x0000003e09f00000] [id=11196]
  0x0000020c15553800 GCTaskThread "GC Thread#2" [stack: 0x0000003e09f00000,0x0000003e0a000000] [id=24336]
  0x0000020c1570e800 GCTaskThread "GC Thread#3" [stack: 0x0000003e0a000000,0x0000003e0a100000] [id=4816]
  0x0000020c1570f800 GCTaskThread "GC Thread#4" [stack: 0x0000003e0a100000,0x0000003e0a200000] [id=9596]
  0x0000020c154d7000 GCTaskThread "GC Thread#5" [stack: 0x0000003e0a200000,0x0000003e0a300000] [id=6660]
  0x0000020c154d8000 GCTaskThread "GC Thread#6" [stack: 0x0000003e0a300000,0x0000003e0a400000] [id=22292]
  0x0000020c6d2ae800 ConcurrentGCThread "G1 Main Marker" [stack: 0x0000003e08e00000,0x0000003e08f00000] [id=4416]
  0x0000020c6d2b0000 ConcurrentGCThread "G1 Conc#0" [stack: 0x0000003e08f00000,0x0000003e09000000] [id=22280]
  0x0000020c15738800 ConcurrentGCThread "G1 Conc#1" [stack: 0x0000003e0a400000,0x0000003e0a500000] [id=6832]
  0x0000020c143cf800 ConcurrentGCThread "G1 Refine#0" [stack: 0x0000003e09000000,0x0000003e09100000] [id=6756]
  0x0000020c18b41800 ConcurrentGCThread "G1 Refine#1" [stack: 0x0000003e09d00000,0x0000003e09e00000] [id=9316]
  0x0000020c143d0800 ConcurrentGCThread "G1 Young RemSet Sampling" [stack: 0x0000003e09100000,0x0000003e09200000] [id=4980]

Threads with active compile tasks:
C2 CompilerThread0     8484 5648       4       org.jetbrains.kotlin.name.FqNameUnsafe::hashCode (8 bytes)
C1 CompilerThread0     8484 5646       3       org.jetbrains.kotlin.load.java.lazy.descriptors.LazyJavaScope$declaredFunctions$1::invoke (174 bytes)
C2 CompilerThread1     8484 5644       4       org.jetbrains.kotlin.util.Checks::isApplicable (99 bytes)
C2 CompilerThread2     8484 5407       4       org.jetbrains.kotlin.com.intellij.lang.impl.PsiBuilderImpl::createLeaf (155 bytes)

VM state:not at safepoint (normal execution)

VM Mutex/Monitor currently owned by a thread: None

Heap address: 0x00000006c2600000, size: 5082 MB, Compressed Oops mode: Zero based, Oop shift amount: 3
Narrow klass base: 0x0000000800000000, Narrow klass shift: 0
Compressed class space size: 1073741824 Address: 0x0000000800000000

Heap:
 garbage-first heap   total 325632K, used 94970K [0x00000006c2600000, 0x0000000800000000)
  region size 1024K, 74 young (75776K), 9 survivors (9216K)
 Metaspace       used 58433K, capacity 59161K, committed 59420K, reserved 1101824K
  class space    used 6978K, capacity 7291K, committed 7372K, reserved 1048576K
Heap Regions: E=young(eden), S=young(survivor), O=old, HS=humongous(starts), HC=humongous(continues), CS=collection set, F=free, A=archive, TAMS=top-at-mark-start (previous, next)
|   0|0x00000006c2600000, 0x00000006c2700000, 0x00000006c2700000|100%|HS|  |TAMS 0x00000006c2700000, 0x00000006c2600000| Complete 
|   1|0x00000006c2700000, 0x00000006c2800000, 0x00000006c2800000|100%|HC|  |TAMS 0x00000006c2800000, 0x00000006c2700000| Complete 
|   2|0x00000006c2800000, 0x00000006c2900000, 0x00000006c2900000|100%|HC|  |TAMS 0x00000006c2900000, 0x00000006c2800000| Complete 
|   3|0x00000006c2900000, 0x00000006c2a00000, 0x00000006c2a00000|100%|HS|  |TAMS 0x00000006c2a00000, 0x00000006c2900000| Complete 
|   4|0x00000006c2a00000, 0x00000006c2b00000, 0x00000006c2b00000|100%|HC|  |TAMS 0x00000006c2b00000, 0x00000006c2a00000| Complete 
|   5|0x00000006c2b00000, 0x00000006c2c00000, 0x00000006c2c00000|100%|HC|  |TAMS 0x00000006c2c00000, 0x00000006c2b00000| Complete 
|   6|0x00000006c2c00000, 0x00000006c2d00000, 0x00000006c2d00000|100%|HS|  |TAMS 0x00000006c2c00000, 0x00000006c2c00000| Complete 
|   7|0x00000006c2d00000, 0x00000006c2e00000, 0x00000006c2e00000|100%|HC|  |TAMS 0x00000006c2d00000, 0x00000006c2d00000| Complete 
|   8|0x00000006c2e00000, 0x00000006c2f00000, 0x00000006c2f00000|100%| O|  |TAMS 0x00000006c2f00000, 0x00000006c2e00000| Untracked 
|   9|0x00000006c2f00000, 0x00000006c3000000, 0x00000006c3000000|100%| O|  |TAMS 0x00000006c3000000, 0x00000006c2f00000| Untracked 
|  10|0x00000006c3000000, 0x00000006c3100000, 0x00000006c3100000|100%| O|  |TAMS 0x00000006c3100000, 0x00000006c3000000| Untracked 
|  11|0x00000006c3100000, 0x00000006c3200000, 0x00000006c3200000|100%| O|  |TAMS 0x00000006c3200000, 0x00000006c3100000| Untracked 
|  12|0x00000006c3200000, 0x00000006c3300000, 0x00000006c3300000|100%| O|  |TAMS 0x00000006c3300000, 0x00000006c3200000| Untracked 
|  13|0x00000006c3300000, 0x00000006c3400000, 0x00000006c3400000|100%| O|  |TAMS 0x00000006c3400000, 0x00000006c3300000| Untracked 
|  14|0x00000006c3400000, 0x00000006c3500000, 0x00000006c3500000|100%| O|  |TAMS 0x00000006c3500000, 0x00000006c3400000| Untracked 
|  15|0x00000006c3500000, 0x00000006c3600000, 0x00000006c3600000|100%| O|  |TAMS 0x00000006c3600000, 0x00000006c3500000| Untracked 
|  16|0x00000006c3600000, 0x00000006c3700000, 0x00000006c3700000|100%| O|  |TAMS 0x00000006c3700000, 0x00000006c3600000| Untracked 
|  17|0x00000006c3700000, 0x00000006c3800000, 0x00000006c3800000|100%| O|  |TAMS 0x00000006c3800000, 0x00000006c3700000| Untracked 
|  18|0x00000006c3800000, 0x00000006c3900000, 0x00000006c3900000|100%| O|  |TAMS 0x00000006c3900000, 0x00000006c3800000| Untracked 
|  19|0x00000006c3900000, 0x00000006c39fcc00, 0x00000006c3a00000| 98%| O|  |TAMS 0x00000006c39fcc00, 0x00000006c3900000| Untracked 
|  20|0x00000006c3a00000, 0x00000006c3a00000, 0x00000006c3b00000|  0%| F|  |TAMS 0x00000006c3a00000, 0x00000006c3a00000| Untracked 
|  21|0x00000006c3b00000, 0x00000006c3b00000, 0x00000006c3c00000|  0%| F|  |TAMS 0x00000006c3b00000, 0x00000006c3b00000| Untracked 
|  22|0x00000006c3c00000, 0x00000006c3c00000, 0x00000006c3d00000|  0%| F|  |TAMS 0x00000006c3c00000, 0x00000006c3c00000| Untracked 
|  23|0x00000006c3d00000, 0x00000006c3d00000, 0x00000006c3e00000|  0%| F|  |TAMS 0x00000006c3d00000, 0x00000006c3d00000| Untracked 
|  24|0x00000006c3e00000, 0x00000006c3e00000, 0x00000006c3f00000|  0%| F|  |TAMS 0x00000006c3e00000, 0x00000006c3e00000| Untracked 
|  25|0x00000006c3f00000, 0x00000006c3f00000, 0x00000006c4000000|  0%| F|  |TAMS 0x00000006c3f00000, 0x00000006c3f00000| Untracked 
|  26|0x00000006c4000000, 0x00000006c4000000, 0x00000006c4100000|  0%| F|  |TAMS 0x00000006c4000000, 0x00000006c4000000| Untracked 
|  27|0x00000006c4100000, 0x00000006c4100000, 0x00000006c4200000|  0%| F|  |TAMS 0x00000006c4100000, 0x00000006c4100000| Untracked 
|  28|0x00000006c4200000, 0x00000006c4200000, 0x00000006c4300000|  0%| F|  |TAMS 0x00000006c4200000, 0x00000006c4200000| Untracked 
|  29|0x00000006c4300000, 0x00000006c4300000, 0x00000006c4400000|  0%| F|  |TAMS 0x00000006c4300000, 0x00000006c4300000| Untracked 
|  30|0x00000006c4400000, 0x00000006c4400000, 0x00000006c4500000|  0%| F|  |TAMS 0x00000006c4400000, 0x00000006c4400000| Untracked 
|  31|0x00000006c4500000, 0x00000006c4500000, 0x00000006c4600000|  0%| F|  |TAMS 0x00000006c4500000, 0x00000006c4500000| Untracked 
|  32|0x00000006c4600000, 0x00000006c4600000, 0x00000006c4700000|  0%| F|  |TAMS 0x00000006c4600000, 0x00000006c4600000| Untracked 
|  33|0x00000006c4700000, 0x00000006c4700000, 0x00000006c4800000|  0%| F|  |TAMS 0x00000006c4700000, 0x00000006c4700000| Untracked 
|  34|0x00000006c4800000, 0x00000006c4800000, 0x00000006c4900000|  0%| F|  |TAMS 0x00000006c4800000, 0x00000006c4800000| Untracked 
|  35|0x00000006c4900000, 0x00000006c4900000, 0x00000006c4a00000|  0%| F|  |TAMS 0x00000006c4900000, 0x00000006c4900000| Untracked 
|  36|0x00000006c4a00000, 0x00000006c4a00000, 0x00000006c4b00000|  0%| F|  |TAMS 0x00000006c4a00000, 0x00000006c4a00000| Untracked 
|  37|0x00000006c4b00000, 0x00000006c4b00000, 0x00000006c4c00000|  0%| F|  |TAMS 0x00000006c4b00000, 0x00000006c4b00000| Untracked 
|  38|0x00000006c4c00000, 0x00000006c4c00000, 0x00000006c4d00000|  0%| F|  |TAMS 0x00000006c4c00000, 0x00000006c4c00000| Untracked 
|  39|0x00000006c4d00000, 0x00000006c4d00000, 0x00000006c4e00000|  0%| F|  |TAMS 0x00000006c4d00000, 0x00000006c4d00000| Untracked 
|  40|0x00000006c4e00000, 0x00000006c4e00000, 0x00000006c4f00000|  0%| F|  |TAMS 0x00000006c4e00000, 0x00000006c4e00000| Untracked 
|  41|0x00000006c4f00000, 0x00000006c4f00000, 0x00000006c5000000|  0%| F|  |TAMS 0x00000006c4f00000, 0x00000006c4f00000| Untracked 
|  42|0x00000006c5000000, 0x00000006c5000000, 0x00000006c5100000|  0%| F|  |TAMS 0x00000006c5000000, 0x00000006c5000000| Untracked 
|  43|0x00000006c5100000, 0x00000006c5100000, 0x00000006c5200000|  0%| F|  |TAMS 0x00000006c5100000, 0x00000006c5100000| Untracked 
|  44|0x00000006c5200000, 0x00000006c5200000, 0x00000006c5300000|  0%| F|  |TAMS 0x00000006c5200000, 0x00000006c5200000| Untracked 
|  45|0x00000006c5300000, 0x00000006c5300000, 0x00000006c5400000|  0%| F|  |TAMS 0x00000006c5300000, 0x00000006c5300000| Untracked 
|  46|0x00000006c5400000, 0x00000006c5400000, 0x00000006c5500000|  0%| F|  |TAMS 0x00000006c5400000, 0x00000006c5400000| Untracked 
|  47|0x00000006c5500000, 0x00000006c5500000, 0x00000006c5600000|  0%| F|  |TAMS 0x00000006c5500000, 0x00000006c5500000| Untracked 
|  48|0x00000006c5600000, 0x00000006c5600000, 0x00000006c5700000|  0%| F|  |TAMS 0x00000006c5600000, 0x00000006c5600000| Untracked 
|  49|0x00000006c5700000, 0x00000006c5700000, 0x00000006c5800000|  0%| F|  |TAMS 0x00000006c5700000, 0x00000006c5700000| Untracked 
|  50|0x00000006c5800000, 0x00000006c5800000, 0x00000006c5900000|  0%| F|  |TAMS 0x00000006c5800000, 0x00000006c5800000| Untracked 
|  51|0x00000006c5900000, 0x00000006c5900000, 0x00000006c5a00000|  0%| F|  |TAMS 0x00000006c5900000, 0x00000006c5900000| Untracked 
|  52|0x00000006c5a00000, 0x00000006c5a00000, 0x00000006c5b00000|  0%| F|  |TAMS 0x00000006c5a00000, 0x00000006c5a00000| Untracked 
|  53|0x00000006c5b00000, 0x00000006c5b00000, 0x00000006c5c00000|  0%| F|  |TAMS 0x00000006c5b00000, 0x00000006c5b00000| Untracked 
|  54|0x00000006c5c00000, 0x00000006c5c00000, 0x00000006c5d00000|  0%| F|  |TAMS 0x00000006c5c00000, 0x00000006c5c00000| Untracked 
|  55|0x00000006c5d00000, 0x00000006c5d00000, 0x00000006c5e00000|  0%| F|  |TAMS 0x00000006c5d00000, 0x00000006c5d00000| Untracked 
|  56|0x00000006c5e00000, 0x00000006c5e00000, 0x00000006c5f00000|  0%| F|  |TAMS 0x00000006c5e00000, 0x00000006c5e00000| Untracked 
|  57|0x00000006c5f00000, 0x00000006c5f00000, 0x00000006c6000000|  0%| F|  |TAMS 0x00000006c5f00000, 0x00000006c5f00000| Untracked 
|  58|0x00000006c6000000, 0x00000006c6000000, 0x00000006c6100000|  0%| F|  |TAMS 0x00000006c6000000, 0x00000006c6000000| Untracked 
|  59|0x00000006c6100000, 0x00000006c6100000, 0x00000006c6200000|  0%| F|  |TAMS 0x00000006c6100000, 0x00000006c6100000| Untracked 
|  60|0x00000006c6200000, 0x00000006c6200000, 0x00000006c6300000|  0%| F|  |TAMS 0x00000006c6200000, 0x00000006c6200000| Untracked 
|  61|0x00000006c6300000, 0x00000006c6300000, 0x00000006c6400000|  0%| F|  |TAMS 0x00000006c6300000, 0x00000006c6300000| Untracked 
|  62|0x00000006c6400000, 0x00000006c6400000, 0x00000006c6500000|  0%| F|  |TAMS 0x00000006c6400000, 0x00000006c6400000| Untracked 
|  63|0x00000006c6500000, 0x00000006c6500000, 0x00000006c6600000|  0%| F|  |TAMS 0x00000006c6500000, 0x00000006c6500000| Untracked 
|  64|0x00000006c6600000, 0x00000006c6600000, 0x00000006c6700000|  0%| F|  |TAMS 0x00000006c6600000, 0x00000006c6600000| Untracked 
|  65|0x00000006c6700000, 0x00000006c6700000, 0x00000006c6800000|  0%| F|  |TAMS 0x00000006c6700000, 0x00000006c6700000| Untracked 
|  66|0x00000006c6800000, 0x00000006c6800000, 0x00000006c6900000|  0%| F|  |TAMS 0x00000006c6800000, 0x00000006c6800000| Untracked 
|  67|0x00000006c6900000, 0x00000006c6900000, 0x00000006c6a00000|  0%| F|  |TAMS 0x00000006c6900000, 0x00000006c6900000| Untracked 
|  68|0x00000006c6a00000, 0x00000006c6a00000, 0x00000006c6b00000|  0%| F|  |TAMS 0x00000006c6a00000, 0x00000006c6a00000| Untracked 
|  69|0x00000006c6b00000, 0x00000006c6b00000, 0x00000006c6c00000|  0%| F|  |TAMS 0x00000006c6b00000, 0x00000006c6b00000| Untracked 
|  70|0x00000006c6c00000, 0x00000006c6c00000, 0x00000006c6d00000|  0%| F|  |TAMS 0x00000006c6c00000, 0x00000006c6c00000| Untracked 
|  71|0x00000006c6d00000, 0x00000006c6d00000, 0x00000006c6e00000|  0%| F|  |TAMS 0x00000006c6d00000, 0x00000006c6d00000| Untracked 
|  72|0x00000006c6e00000, 0x00000006c6e00000, 0x00000006c6f00000|  0%| F|  |TAMS 0x00000006c6e00000, 0x00000006c6e00000| Untracked 
|  73|0x00000006c6f00000, 0x00000006c6f00000, 0x00000006c7000000|  0%| F|  |TAMS 0x00000006c6f00000, 0x00000006c6f00000| Untracked 
|  74|0x00000006c7000000, 0x00000006c7000000, 0x00000006c7100000|  0%| F|  |TAMS 0x00000006c7000000, 0x00000006c7000000| Untracked 
|  75|0x00000006c7100000, 0x00000006c7100000, 0x00000006c7200000|  0%| F|  |TAMS 0x00000006c7100000, 0x00000006c7100000| Untracked 
|  76|0x00000006c7200000, 0x00000006c7200000, 0x00000006c7300000|  0%| F|  |TAMS 0x00000006c7200000, 0x00000006c7200000| Untracked 
|  77|0x00000006c7300000, 0x00000006c7300000, 0x00000006c7400000|  0%| F|  |TAMS 0x00000006c7300000, 0x00000006c7300000| Untracked 
|  78|0x00000006c7400000, 0x00000006c7400000, 0x00000006c7500000|  0%| F|  |TAMS 0x00000006c7400000, 0x00000006c7400000| Untracked 
|  79|0x00000006c7500000, 0x00000006c7500000, 0x00000006c7600000|  0%| F|  |TAMS 0x00000006c7500000, 0x00000006c7500000| Untracked 
|  80|0x00000006c7600000, 0x00000006c7600000, 0x00000006c7700000|  0%| F|  |TAMS 0x00000006c7600000, 0x00000006c7600000| Untracked 
|  81|0x00000006c7700000, 0x00000006c7700000, 0x00000006c7800000|  0%| F|  |TAMS 0x00000006c7700000, 0x00000006c7700000| Untracked 
|  82|0x00000006c7800000, 0x00000006c7800000, 0x00000006c7900000|  0%| F|  |TAMS 0x00000006c7800000, 0x00000006c7800000| Untracked 
|  83|0x00000006c7900000, 0x00000006c7900000, 0x00000006c7a00000|  0%| F|  |TAMS 0x00000006c7900000, 0x00000006c7900000| Untracked 
|  84|0x00000006c7a00000, 0x00000006c7a00000, 0x00000006c7b00000|  0%| F|  |TAMS 0x00000006c7a00000, 0x00000006c7a00000| Untracked 
|  85|0x00000006c7b00000, 0x00000006c7b00000, 0x00000006c7c00000|  0%| F|  |TAMS 0x00000006c7b00000, 0x00000006c7b00000| Untracked 
|  86|0x00000006c7c00000, 0x00000006c7c00000, 0x00000006c7d00000|  0%| F|  |TAMS 0x00000006c7c00000, 0x00000006c7c00000| Untracked 
|  87|0x00000006c7d00000, 0x00000006c7d00000, 0x00000006c7e00000|  0%| F|  |TAMS 0x00000006c7d00000, 0x00000006c7d00000| Untracked 
|  88|0x00000006c7e00000, 0x00000006c7e00000, 0x00000006c7f00000|  0%| F|  |TAMS 0x00000006c7e00000, 0x00000006c7e00000| Untracked 
|  89|0x00000006c7f00000, 0x00000006c7f00000, 0x00000006c8000000|  0%| F|  |TAMS 0x00000006c7f00000, 0x00000006c7f00000| Untracked 
|  90|0x00000006c8000000, 0x00000006c8000000, 0x00000006c8100000|  0%| F|  |TAMS 0x00000006c8000000, 0x00000006c8000000| Untracked 
|  91|0x00000006c8100000, 0x00000006c8100000, 0x00000006c8200000|  0%| F|  |TAMS 0x00000006c8100000, 0x00000006c8100000| Untracked 
|  92|0x00000006c8200000, 0x00000006c8200000, 0x00000006c8300000|  0%| F|  |TAMS 0x00000006c8200000, 0x00000006c8200000| Untracked 
|  93|0x00000006c8300000, 0x00000006c8300000, 0x00000006c8400000|  0%| F|  |TAMS 0x00000006c8300000, 0x00000006c8300000| Untracked 
|  94|0x00000006c8400000, 0x00000006c8400000, 0x00000006c8500000|  0%| F|  |TAMS 0x00000006c8400000, 0x00000006c8400000| Untracked 
|  95|0x00000006c8500000, 0x00000006c8500000, 0x00000006c8600000|  0%| F|  |TAMS 0x00000006c8500000, 0x00000006c8500000| Untracked 
|  96|0x00000006c8600000, 0x00000006c8600000, 0x00000006c8700000|  0%| F|  |TAMS 0x00000006c8600000, 0x00000006c8600000| Untracked 
|  97|0x00000006c8700000, 0x00000006c8700000, 0x00000006c8800000|  0%| F|  |TAMS 0x00000006c8700000, 0x00000006c8700000| Untracked 
|  98|0x00000006c8800000, 0x00000006c8800000, 0x00000006c8900000|  0%| F|  |TAMS 0x00000006c8800000, 0x00000006c8800000| Untracked 
|  99|0x00000006c8900000, 0x00000006c8900000, 0x00000006c8a00000|  0%| F|  |TAMS 0x00000006c8900000, 0x00000006c8900000| Untracked 
| 100|0x00000006c8a00000, 0x00000006c8a00000, 0x00000006c8b00000|  0%| F|  |TAMS 0x00000006c8a00000, 0x00000006c8a00000| Untracked 
| 101|0x00000006c8b00000, 0x00000006c8b00000, 0x00000006c8c00000|  0%| F|  |TAMS 0x00000006c8b00000, 0x00000006c8b00000| Untracked 
| 102|0x00000006c8c00000, 0x00000006c8c00000, 0x00000006c8d00000|  0%| F|  |TAMS 0x00000006c8c00000, 0x00000006c8c00000| Untracked 
| 103|0x00000006c8d00000, 0x00000006c8d00000, 0x00000006c8e00000|  0%| F|  |TAMS 0x00000006c8d00000, 0x00000006c8d00000| Untracked 
| 104|0x00000006c8e00000, 0x00000006c8e00000, 0x00000006c8f00000|  0%| F|  |TAMS 0x00000006c8e00000, 0x00000006c8e00000| Untracked 
| 105|0x00000006c8f00000, 0x00000006c8f00000, 0x00000006c9000000|  0%| F|  |TAMS 0x00000006c8f00000, 0x00000006c8f00000| Untracked 
| 106|0x00000006c9000000, 0x00000006c9000000, 0x00000006c9100000|  0%| F|  |TAMS 0x00000006c9000000, 0x00000006c9000000| Untracked 
| 107|0x00000006c9100000, 0x00000006c9100000, 0x00000006c9200000|  0%| F|  |TAMS 0x00000006c9100000, 0x00000006c9100000| Untracked 
| 108|0x00000006c9200000, 0x00000006c9200000, 0x00000006c9300000|  0%| F|  |TAMS 0x00000006c9200000, 0x00000006c9200000| Untracked 
| 109|0x00000006c9300000, 0x00000006c9300000, 0x00000006c9400000|  0%| F|  |TAMS 0x00000006c9300000, 0x00000006c9300000| Untracked 
| 110|0x00000006c9400000, 0x00000006c9400000, 0x00000006c9500000|  0%| F|  |TAMS 0x00000006c9400000, 0x00000006c9400000| Untracked 
| 111|0x00000006c9500000, 0x00000006c9500000, 0x00000006c9600000|  0%| F|  |TAMS 0x00000006c9500000, 0x00000006c9500000| Untracked 
| 112|0x00000006c9600000, 0x00000006c9600000, 0x00000006c9700000|  0%| F|  |TAMS 0x00000006c9600000, 0x00000006c9600000| Untracked 
| 113|0x00000006c9700000, 0x00000006c9700000, 0x00000006c9800000|  0%| F|  |TAMS 0x00000006c9700000, 0x00000006c9700000| Untracked 
| 114|0x00000006c9800000, 0x00000006c9800000, 0x00000006c9900000|  0%| F|  |TAMS 0x00000006c9800000, 0x00000006c9800000| Untracked 
| 115|0x00000006c9900000, 0x00000006c9900000, 0x00000006c9a00000|  0%| F|  |TAMS 0x00000006c9900000, 0x00000006c9900000| Untracked 
| 116|0x00000006c9a00000, 0x00000006c9a00000, 0x00000006c9b00000|  0%| F|  |TAMS 0x00000006c9a00000, 0x00000006c9a00000| Untracked 
| 117|0x00000006c9b00000, 0x00000006c9b00000, 0x00000006c9c00000|  0%| F|  |TAMS 0x00000006c9b00000, 0x00000006c9b00000| Untracked 
| 118|0x00000006c9c00000, 0x00000006c9c00000, 0x00000006c9d00000|  0%| F|  |TAMS 0x00000006c9c00000, 0x00000006c9c00000| Untracked 
| 119|0x00000006c9d00000, 0x00000006c9d00000, 0x00000006c9e00000|  0%| F|  |TAMS 0x00000006c9d00000, 0x00000006c9d00000| Untracked 
| 120|0x00000006c9e00000, 0x00000006c9e00000, 0x00000006c9f00000|  0%| F|  |TAMS 0x00000006c9e00000, 0x00000006c9e00000| Untracked 
| 121|0x00000006c9f00000, 0x00000006c9f00000, 0x00000006ca000000|  0%| F|  |TAMS 0x00000006c9f00000, 0x00000006c9f00000| Untracked 
| 122|0x00000006ca000000, 0x00000006ca000000, 0x00000006ca100000|  0%| F|  |TAMS 0x00000006ca000000, 0x00000006ca000000| Untracked 
| 123|0x00000006ca100000, 0x00000006ca100000, 0x00000006ca200000|  0%| F|  |TAMS 0x00000006ca100000, 0x00000006ca100000| Untracked 
| 124|0x00000006ca200000, 0x00000006ca200000, 0x00000006ca300000|  0%| F|  |TAMS 0x00000006ca200000, 0x00000006ca200000| Untracked 
| 125|0x00000006ca300000, 0x00000006ca300000, 0x00000006ca400000|  0%| F|  |TAMS 0x00000006ca300000, 0x00000006ca300000| Untracked 
| 126|0x00000006ca400000, 0x00000006ca400000, 0x00000006ca500000|  0%| F|  |TAMS 0x00000006ca400000, 0x00000006ca400000| Untracked 
| 127|0x00000006ca500000, 0x00000006ca500000, 0x00000006ca600000|  0%| F|  |TAMS 0x00000006ca500000, 0x00000006ca500000| Untracked 
| 128|0x00000006ca600000, 0x00000006ca600000, 0x00000006ca700000|  0%| F|  |TAMS 0x00000006ca600000, 0x00000006ca600000| Untracked 
| 129|0x00000006ca700000, 0x00000006ca700000, 0x00000006ca800000|  0%| F|  |TAMS 0x00000006ca700000, 0x00000006ca700000| Untracked 
| 130|0x00000006ca800000, 0x00000006ca800000, 0x00000006ca900000|  0%| F|  |TAMS 0x00000006ca800000, 0x00000006ca800000| Untracked 
| 131|0x00000006ca900000, 0x00000006ca900000, 0x00000006caa00000|  0%| F|  |TAMS 0x00000006ca900000, 0x00000006ca900000| Untracked 
| 132|0x00000006caa00000, 0x00000006caa00000, 0x00000006cab00000|  0%| F|  |TAMS 0x00000006caa00000, 0x00000006caa00000| Untracked 
| 133|0x00000006cab00000, 0x00000006cab00000, 0x00000006cac00000|  0%| F|  |TAMS 0x00000006cab00000, 0x00000006cab00000| Untracked 
| 134|0x00000006cac00000, 0x00000006cac00000, 0x00000006cad00000|  0%| F|  |TAMS 0x00000006cac00000, 0x00000006cac00000| Untracked 
| 135|0x00000006cad00000, 0x00000006cad00000, 0x00000006cae00000|  0%| F|  |TAMS 0x00000006cad00000, 0x00000006cad00000| Untracked 
| 136|0x00000006cae00000, 0x00000006cae00000, 0x00000006caf00000|  0%| F|  |TAMS 0x00000006cae00000, 0x00000006cae00000| Untracked 
| 137|0x00000006caf00000, 0x00000006caf00000, 0x00000006cb000000|  0%| F|  |TAMS 0x00000006caf00000, 0x00000006caf00000| Untracked 
| 138|0x00000006cb000000, 0x00000006cb000000, 0x00000006cb100000|  0%| F|  |TAMS 0x00000006cb000000, 0x00000006cb000000| Untracked 
| 139|0x00000006cb100000, 0x00000006cb100000, 0x00000006cb200000|  0%| F|  |TAMS 0x00000006cb100000, 0x00000006cb100000| Untracked 
| 140|0x00000006cb200000, 0x00000006cb200000, 0x00000006cb300000|  0%| F|  |TAMS 0x00000006cb200000, 0x00000006cb200000| Untracked 
| 141|0x00000006cb300000, 0x00000006cb300000, 0x00000006cb400000|  0%| F|  |TAMS 0x00000006cb300000, 0x00000006cb300000| Untracked 
| 142|0x00000006cb400000, 0x00000006cb400000, 0x00000006cb500000|  0%| F|  |TAMS 0x00000006cb400000, 0x00000006cb400000| Untracked 
| 143|0x00000006cb500000, 0x00000006cb500000, 0x00000006cb600000|  0%| F|  |TAMS 0x00000006cb500000, 0x00000006cb500000| Untracked 
| 144|0x00000006cb600000, 0x00000006cb600000, 0x00000006cb700000|  0%| F|  |TAMS 0x00000006cb600000, 0x00000006cb600000| Untracked 
| 145|0x00000006cb700000, 0x00000006cb700000, 0x00000006cb800000|  0%| F|  |TAMS 0x00000006cb700000, 0x00000006cb700000| Untracked 
| 146|0x00000006cb800000, 0x00000006cb800000, 0x00000006cb900000|  0%| F|  |TAMS 0x00000006cb800000, 0x00000006cb800000| Untracked 
| 147|0x00000006cb900000, 0x00000006cb900000, 0x00000006cba00000|  0%| F|  |TAMS 0x00000006cb900000, 0x00000006cb900000| Untracked 
| 148|0x00000006cba00000, 0x00000006cba00000, 0x00000006cbb00000|  0%| F|  |TAMS 0x00000006cba00000, 0x00000006cba00000| Untracked 
| 149|0x00000006cbb00000, 0x00000006cbb00000, 0x00000006cbc00000|  0%| F|  |TAMS 0x00000006cbb00000, 0x00000006cbb00000| Untracked 
| 150|0x00000006cbc00000, 0x00000006cbc00000, 0x00000006cbd00000|  0%| F|  |TAMS 0x00000006cbc00000, 0x00000006cbc00000| Untracked 
| 151|0x00000006cbd00000, 0x00000006cbd00000, 0x00000006cbe00000|  0%| F|  |TAMS 0x00000006cbd00000, 0x00000006cbd00000| Untracked 
| 152|0x00000006cbe00000, 0x00000006cbe00000, 0x00000006cbf00000|  0%| F|  |TAMS 0x00000006cbe00000, 0x00000006cbe00000| Untracked 
| 153|0x00000006cbf00000, 0x00000006cbf00000, 0x00000006cc000000|  0%| F|  |TAMS 0x00000006cbf00000, 0x00000006cbf00000| Untracked 
| 154|0x00000006cc000000, 0x00000006cc000000, 0x00000006cc100000|  0%| F|  |TAMS 0x00000006cc000000, 0x00000006cc000000| Untracked 
| 155|0x00000006cc100000, 0x00000006cc100000, 0x00000006cc200000|  0%| F|  |TAMS 0x00000006cc100000, 0x00000006cc100000| Untracked 
| 156|0x00000006cc200000, 0x00000006cc200000, 0x00000006cc300000|  0%| F|  |TAMS 0x00000006cc200000, 0x00000006cc200000| Untracked 
| 157|0x00000006cc300000, 0x00000006cc300000, 0x00000006cc400000|  0%| F|  |TAMS 0x00000006cc300000, 0x00000006cc300000| Untracked 
| 158|0x00000006cc400000, 0x00000006cc400000, 0x00000006cc500000|  0%| F|  |TAMS 0x00000006cc400000, 0x00000006cc400000| Untracked 
| 159|0x00000006cc500000, 0x00000006cc500000, 0x00000006cc600000|  0%| F|  |TAMS 0x00000006cc500000, 0x00000006cc500000| Untracked 
| 160|0x00000006cc600000, 0x00000006cc600000, 0x00000006cc700000|  0%| F|  |TAMS 0x00000006cc600000, 0x00000006cc600000| Untracked 
| 161|0x00000006cc700000, 0x00000006cc700000, 0x00000006cc800000|  0%| F|  |TAMS 0x00000006cc700000, 0x00000006cc700000| Untracked 
| 162|0x00000006cc800000, 0x00000006cc800000, 0x00000006cc900000|  0%| F|  |TAMS 0x00000006cc800000, 0x00000006cc800000| Untracked 
| 163|0x00000006cc900000, 0x00000006cc900000, 0x00000006cca00000|  0%| F|  |TAMS 0x00000006cc900000, 0x00000006cc900000| Untracked 
| 164|0x00000006cca00000, 0x00000006cca00000, 0x00000006ccb00000|  0%| F|  |TAMS 0x00000006cca00000, 0x00000006cca00000| Untracked 
| 165|0x00000006ccb00000, 0x00000006ccb00000, 0x00000006ccc00000|  0%| F|  |TAMS 0x00000006ccb00000, 0x00000006ccb00000| Untracked 
| 166|0x00000006ccc00000, 0x00000006ccc00000, 0x00000006ccd00000|  0%| F|  |TAMS 0x00000006ccc00000, 0x00000006ccc00000| Untracked 
| 167|0x00000006ccd00000, 0x00000006ccd00000, 0x00000006cce00000|  0%| F|  |TAMS 0x00000006ccd00000, 0x00000006ccd00000| Untracked 
| 168|0x00000006cce00000, 0x00000006cce00000, 0x00000006ccf00000|  0%| F|  |TAMS 0x00000006cce00000, 0x00000006cce00000| Untracked 
| 169|0x00000006ccf00000, 0x00000006ccf00000, 0x00000006cd000000|  0%| F|  |TAMS 0x00000006ccf00000, 0x00000006ccf00000| Untracked 
| 170|0x00000006cd000000, 0x00000006cd000000, 0x00000006cd100000|  0%| F|  |TAMS 0x00000006cd000000, 0x00000006cd000000| Untracked 
| 171|0x00000006cd100000, 0x00000006cd100000, 0x00000006cd200000|  0%| F|  |TAMS 0x00000006cd100000, 0x00000006cd100000| Untracked 
| 172|0x00000006cd200000, 0x00000006cd200000, 0x00000006cd300000|  0%| F|  |TAMS 0x00000006cd200000, 0x00000006cd200000| Untracked 
| 173|0x00000006cd300000, 0x00000006cd300000, 0x00000006cd400000|  0%| F|  |TAMS 0x00000006cd300000, 0x00000006cd300000| Untracked 
| 174|0x00000006cd400000, 0x00000006cd400000, 0x00000006cd500000|  0%| F|  |TAMS 0x00000006cd400000, 0x00000006cd400000| Untracked 
| 175|0x00000006cd500000, 0x00000006cd500000, 0x00000006cd600000|  0%| F|  |TAMS 0x00000006cd500000, 0x00000006cd500000| Untracked 
| 176|0x00000006cd600000, 0x00000006cd600000, 0x00000006cd700000|  0%| F|  |TAMS 0x00000006cd600000, 0x00000006cd600000| Untracked 
| 177|0x00000006cd700000, 0x00000006cd700000, 0x00000006cd800000|  0%| F|  |TAMS 0x00000006cd700000, 0x00000006cd700000| Untracked 
| 178|0x00000006cd800000, 0x00000006cd800000, 0x00000006cd900000|  0%| F|  |TAMS 0x00000006cd800000, 0x00000006cd800000| Untracked 
| 179|0x00000006cd900000, 0x00000006cd900000, 0x00000006cda00000|  0%| F|  |TAMS 0x00000006cd900000, 0x00000006cd900000| Untracked 
| 180|0x00000006cda00000, 0x00000006cda00000, 0x00000006cdb00000|  0%| F|  |TAMS 0x00000006cda00000, 0x00000006cda00000| Untracked 
| 181|0x00000006cdb00000, 0x00000006cdb00000, 0x00000006cdc00000|  0%| F|  |TAMS 0x00000006cdb00000, 0x00000006cdb00000| Untracked 
| 182|0x00000006cdc00000, 0x00000006cdc00000, 0x00000006cdd00000|  0%| F|  |TAMS 0x00000006cdc00000, 0x00000006cdc00000| Untracked 
| 183|0x00000006cdd00000, 0x00000006cdd00000, 0x00000006cde00000|  0%| F|  |TAMS 0x00000006cdd00000, 0x00000006cdd00000| Untracked 
| 184|0x00000006cde00000, 0x00000006cde00000, 0x00000006cdf00000|  0%| F|  |TAMS 0x00000006cde00000, 0x00000006cde00000| Untracked 
| 185|0x00000006cdf00000, 0x00000006cdf00000, 0x00000006ce000000|  0%| F|  |TAMS 0x00000006cdf00000, 0x00000006cdf00000| Untracked 
| 186|0x00000006ce000000, 0x00000006ce000000, 0x00000006ce100000|  0%| F|  |TAMS 0x00000006ce000000, 0x00000006ce000000| Untracked 
| 187|0x00000006ce100000, 0x00000006ce100000, 0x00000006ce200000|  0%| F|  |TAMS 0x00000006ce100000, 0x00000006ce100000| Untracked 
| 188|0x00000006ce200000, 0x00000006ce200000, 0x00000006ce300000|  0%| F|  |TAMS 0x00000006ce200000, 0x00000006ce200000| Untracked 
| 189|0x00000006ce300000, 0x00000006ce300000, 0x00000006ce400000|  0%| F|  |TAMS 0x00000006ce300000, 0x00000006ce300000| Untracked 
| 190|0x00000006ce400000, 0x00000006ce400000, 0x00000006ce500000|  0%| F|  |TAMS 0x00000006ce400000, 0x00000006ce400000| Untracked 
| 191|0x00000006ce500000, 0x00000006ce500000, 0x00000006ce600000|  0%| F|  |TAMS 0x00000006ce500000, 0x00000006ce500000| Untracked 
| 192|0x00000006ce600000, 0x00000006ce600000, 0x00000006ce700000|  0%| F|  |TAMS 0x00000006ce600000, 0x00000006ce600000| Untracked 
| 193|0x00000006ce700000, 0x00000006ce700000, 0x00000006ce800000|  0%| F|  |TAMS 0x00000006ce700000, 0x00000006ce700000| Untracked 
| 194|0x00000006ce800000, 0x00000006ce800000, 0x00000006ce900000|  0%| F|  |TAMS 0x00000006ce800000, 0x00000006ce800000| Untracked 
| 195|0x00000006ce900000, 0x00000006ce900000, 0x00000006cea00000|  0%| F|  |TAMS 0x00000006ce900000, 0x00000006ce900000| Untracked 
| 196|0x00000006cea00000, 0x00000006cea00000, 0x00000006ceb00000|  0%| F|  |TAMS 0x00000006cea00000, 0x00000006cea00000| Untracked 
| 197|0x00000006ceb00000, 0x00000006ceb00000, 0x00000006cec00000|  0%| F|  |TAMS 0x00000006ceb00000, 0x00000006ceb00000| Untracked 
| 198|0x00000006cec00000, 0x00000006cec00000, 0x00000006ced00000|  0%| F|  |TAMS 0x00000006cec00000, 0x00000006cec00000| Untracked 
| 199|0x00000006ced00000, 0x00000006ced00000, 0x00000006cee00000|  0%| F|  |TAMS 0x00000006ced00000, 0x00000006ced00000| Untracked 
| 200|0x00000006cee00000, 0x00000006cee00000, 0x00000006cef00000|  0%| F|  |TAMS 0x00000006cee00000, 0x00000006cee00000| Untracked 
| 201|0x00000006cef00000, 0x00000006cef00000, 0x00000006cf000000|  0%| F|  |TAMS 0x00000006cef00000, 0x00000006cef00000| Untracked 
| 202|0x00000006cf000000, 0x00000006cf000000, 0x00000006cf100000|  0%| F|  |TAMS 0x00000006cf000000, 0x00000006cf000000| Untracked 
| 203|0x00000006cf100000, 0x00000006cf100000, 0x00000006cf200000|  0%| F|  |TAMS 0x00000006cf100000, 0x00000006cf100000| Untracked 
| 204|0x00000006cf200000, 0x00000006cf200000, 0x00000006cf300000|  0%| F|  |TAMS 0x00000006cf200000, 0x00000006cf200000| Untracked 
| 205|0x00000006cf300000, 0x00000006cf300000, 0x00000006cf400000|  0%| F|  |TAMS 0x00000006cf300000, 0x00000006cf300000| Untracked 
| 206|0x00000006cf400000, 0x00000006cf400000, 0x00000006cf500000|  0%| F|  |TAMS 0x00000006cf400000, 0x00000006cf400000| Untracked 
| 207|0x00000006cf500000, 0x00000006cf500000, 0x00000006cf600000|  0%| F|  |TAMS 0x00000006cf500000, 0x00000006cf500000| Untracked 
| 208|0x00000006cf600000, 0x00000006cf600000, 0x00000006cf700000|  0%| F|  |TAMS 0x00000006cf600000, 0x00000006cf600000| Untracked 
| 209|0x00000006cf700000, 0x00000006cf700000, 0x00000006cf800000|  0%| F|  |TAMS 0x00000006cf700000, 0x00000006cf700000| Untracked 
| 210|0x00000006cf800000, 0x00000006cf800000, 0x00000006cf900000|  0%| F|  |TAMS 0x00000006cf800000, 0x00000006cf800000| Untracked 
| 211|0x00000006cf900000, 0x00000006cf900000, 0x00000006cfa00000|  0%| F|  |TAMS 0x00000006cf900000, 0x00000006cf900000| Untracked 
| 212|0x00000006cfa00000, 0x00000006cfa00000, 0x00000006cfb00000|  0%| F|  |TAMS 0x00000006cfa00000, 0x00000006cfa00000| Untracked 
| 213|0x00000006cfb00000, 0x00000006cfb00000, 0x00000006cfc00000|  0%| F|  |TAMS 0x00000006cfb00000, 0x00000006cfb00000| Untracked 
| 214|0x00000006cfc00000, 0x00000006cfc00000, 0x00000006cfd00000|  0%| F|  |TAMS 0x00000006cfc00000, 0x00000006cfc00000| Untracked 
| 215|0x00000006cfd00000, 0x00000006cfd00000, 0x00000006cfe00000|  0%| F|  |TAMS 0x00000006cfd00000, 0x00000006cfd00000| Untracked 
| 216|0x00000006cfe00000, 0x00000006cfe00000, 0x00000006cff00000|  0%| F|  |TAMS 0x00000006cfe00000, 0x00000006cfe00000| Untracked 
| 217|0x00000006cff00000, 0x00000006cff00000, 0x00000006d0000000|  0%| F|  |TAMS 0x00000006cff00000, 0x00000006cff00000| Untracked 
| 218|0x00000006d0000000, 0x00000006d0000000, 0x00000006d0100000|  0%| F|  |TAMS 0x00000006d0000000, 0x00000006d0000000| Untracked 
| 219|0x00000006d0100000, 0x00000006d0100000, 0x00000006d0200000|  0%| F|  |TAMS 0x00000006d0100000, 0x00000006d0100000| Untracked 
| 220|0x00000006d0200000, 0x00000006d0200000, 0x00000006d0300000|  0%| F|  |TAMS 0x00000006d0200000, 0x00000006d0200000| Untracked 
| 221|0x00000006d0300000, 0x00000006d0300000, 0x00000006d0400000|  0%| F|  |TAMS 0x00000006d0300000, 0x00000006d0300000| Untracked 
| 222|0x00000006d0400000, 0x00000006d0400000, 0x00000006d0500000|  0%| F|  |TAMS 0x00000006d0400000, 0x00000006d0400000| Untracked 
| 223|0x00000006d0500000, 0x00000006d0500000, 0x00000006d0600000|  0%| F|  |TAMS 0x00000006d0500000, 0x00000006d0500000| Untracked 
| 224|0x00000006d0600000, 0x00000006d0600000, 0x00000006d0700000|  0%| F|  |TAMS 0x00000006d0600000, 0x00000006d0600000| Untracked 
| 225|0x00000006d0700000, 0x00000006d0700000, 0x00000006d0800000|  0%| F|  |TAMS 0x00000006d0700000, 0x00000006d0700000| Untracked 
| 226|0x00000006d0800000, 0x00000006d0800000, 0x00000006d0900000|  0%| F|  |TAMS 0x00000006d0800000, 0x00000006d0800000| Untracked 
| 227|0x00000006d0900000, 0x00000006d0900000, 0x00000006d0a00000|  0%| F|  |TAMS 0x00000006d0900000, 0x00000006d0900000| Untracked 
| 228|0x00000006d0a00000, 0x00000006d0a00000, 0x00000006d0b00000|  0%| F|  |TAMS 0x00000006d0a00000, 0x00000006d0a00000| Untracked 
| 229|0x00000006d0b00000, 0x00000006d0b00000, 0x00000006d0c00000|  0%| F|  |TAMS 0x00000006d0b00000, 0x00000006d0b00000| Untracked 
| 230|0x00000006d0c00000, 0x00000006d0c00000, 0x00000006d0d00000|  0%| F|  |TAMS 0x00000006d0c00000, 0x00000006d0c00000| Untracked 
| 231|0x00000006d0d00000, 0x00000006d0d00000, 0x00000006d0e00000|  0%| F|  |TAMS 0x00000006d0d00000, 0x00000006d0d00000| Untracked 
| 232|0x00000006d0e00000, 0x00000006d0e00000, 0x00000006d0f00000|  0%| F|  |TAMS 0x00000006d0e00000, 0x00000006d0e00000| Untracked 
| 233|0x00000006d0f00000, 0x00000006d0fc1c60, 0x00000006d1000000| 75%| S|CS|TAMS 0x00000006d0f00000, 0x00000006d0f00000| Complete 
| 234|0x00000006d1000000, 0x00000006d1100000, 0x00000006d1100000|100%| S|CS|TAMS 0x00000006d1000000, 0x00000006d1000000| Complete 
| 235|0x00000006d1100000, 0x00000006d1200000, 0x00000006d1200000|100%| S|CS|TAMS 0x00000006d1100000, 0x00000006d1100000| Complete 
| 236|0x00000006d1200000, 0x00000006d1300000, 0x00000006d1300000|100%| S|CS|TAMS 0x00000006d1200000, 0x00000006d1200000| Complete 
| 237|0x00000006d1300000, 0x00000006d1400000, 0x00000006d1400000|100%| S|CS|TAMS 0x00000006d1300000, 0x00000006d1300000| Complete 
| 238|0x00000006d1400000, 0x00000006d1500000, 0x00000006d1500000|100%| S|CS|TAMS 0x00000006d1400000, 0x00000006d1400000| Complete 
| 239|0x00000006d1500000, 0x00000006d1600000, 0x00000006d1600000|100%| S|CS|TAMS 0x00000006d1500000, 0x00000006d1500000| Complete 
| 240|0x00000006d1600000, 0x00000006d1700000, 0x00000006d1700000|100%| S|CS|TAMS 0x00000006d1600000, 0x00000006d1600000| Complete 
| 241|0x00000006d1700000, 0x00000006d1800000, 0x00000006d1800000|100%| S|CS|TAMS 0x00000006d1700000, 0x00000006d1700000| Complete 
| 242|0x00000006d1800000, 0x00000006d1800000, 0x00000006d1900000|  0%| F|  |TAMS 0x00000006d1800000, 0x00000006d1800000| Untracked 
| 243|0x00000006d1900000, 0x00000006d1900000, 0x00000006d1a00000|  0%| F|  |TAMS 0x00000006d1900000, 0x00000006d1900000| Untracked 
| 244|0x00000006d1a00000, 0x00000006d1a00000, 0x00000006d1b00000|  0%| F|  |TAMS 0x00000006d1a00000, 0x00000006d1a00000| Untracked 
| 245|0x00000006d1b00000, 0x00000006d1b00000, 0x00000006d1c00000|  0%| F|  |TAMS 0x00000006d1b00000, 0x00000006d1b00000| Untracked 
| 246|0x00000006d1c00000, 0x00000006d1c00000, 0x00000006d1d00000|  0%| F|  |TAMS 0x00000006d1c00000, 0x00000006d1c00000| Untracked 
| 247|0x00000006d1d00000, 0x00000006d1d00000, 0x00000006d1e00000|  0%| F|  |TAMS 0x00000006d1d00000, 0x00000006d1d00000| Untracked 
| 248|0x00000006d1e00000, 0x00000006d1e00000, 0x00000006d1f00000|  0%| F|  |TAMS 0x00000006d1e00000, 0x00000006d1e00000| Untracked 
| 249|0x00000006d1f00000, 0x00000006d1f00000, 0x00000006d2000000|  0%| F|  |TAMS 0x00000006d1f00000, 0x00000006d1f00000| Untracked 
| 250|0x00000006d2000000, 0x00000006d2000000, 0x00000006d2100000|  0%| F|  |TAMS 0x00000006d2000000, 0x00000006d2000000| Untracked 
| 251|0x00000006d2100000, 0x00000006d2100000, 0x00000006d2200000|  0%| F|  |TAMS 0x00000006d2100000, 0x00000006d2100000| Untracked 
| 252|0x00000006d2200000, 0x00000006d2200000, 0x00000006d2300000|  0%| F|  |TAMS 0x00000006d2200000, 0x00000006d2200000| Untracked 
| 253|0x00000006d2300000, 0x00000006d2400000, 0x00000006d2400000|100%| E|  |TAMS 0x00000006d2300000, 0x00000006d2300000| Complete 
| 254|0x00000006d2400000, 0x00000006d2500000, 0x00000006d2500000|100%| E|CS|TAMS 0x00000006d2400000, 0x00000006d2400000| Complete 
| 255|0x00000006d2500000, 0x00000006d2600000, 0x00000006d2600000|100%| E|CS|TAMS 0x00000006d2500000, 0x00000006d2500000| Complete 
| 256|0x00000006d2600000, 0x00000006d2700000, 0x00000006d2700000|100%| E|CS|TAMS 0x00000006d2600000, 0x00000006d2600000| Complete 
| 257|0x00000006d2700000, 0x00000006d2800000, 0x00000006d2800000|100%| E|CS|TAMS 0x00000006d2700000, 0x00000006d2700000| Complete 
| 258|0x00000006d2800000, 0x00000006d2900000, 0x00000006d2900000|100%| E|CS|TAMS 0x00000006d2800000, 0x00000006d2800000| Complete 
| 259|0x00000006d2900000, 0x00000006d2a00000, 0x00000006d2a00000|100%| E|CS|TAMS 0x00000006d2900000, 0x00000006d2900000| Complete 
| 260|0x00000006d2a00000, 0x00000006d2b00000, 0x00000006d2b00000|100%| E|CS|TAMS 0x00000006d2a00000, 0x00000006d2a00000| Complete 
| 261|0x00000006d2b00000, 0x00000006d2c00000, 0x00000006d2c00000|100%| E|CS|TAMS 0x00000006d2b00000, 0x00000006d2b00000| Complete 
| 262|0x00000006d2c00000, 0x00000006d2d00000, 0x00000006d2d00000|100%| E|CS|TAMS 0x00000006d2c00000, 0x00000006d2c00000| Complete 
| 263|0x00000006d2d00000, 0x00000006d2e00000, 0x00000006d2e00000|100%| E|CS|TAMS 0x00000006d2d00000, 0x00000006d2d00000| Complete 
| 264|0x00000006d2e00000, 0x00000006d2f00000, 0x00000006d2f00000|100%| E|CS|TAMS 0x00000006d2e00000, 0x00000006d2e00000| Complete 
| 265|0x00000006d2f00000, 0x00000006d3000000, 0x00000006d3000000|100%| E|CS|TAMS 0x00000006d2f00000, 0x00000006d2f00000| Complete 
| 266|0x00000006d3000000, 0x00000006d3100000, 0x00000006d3100000|100%| E|CS|TAMS 0x00000006d3000000, 0x00000006d3000000| Complete 
| 267|0x00000006d3100000, 0x00000006d3200000, 0x00000006d3200000|100%| E|CS|TAMS 0x00000006d3100000, 0x00000006d3100000| Complete 
| 268|0x00000006d3200000, 0x00000006d3300000, 0x00000006d3300000|100%| E|CS|TAMS 0x00000006d3200000, 0x00000006d3200000| Complete 
| 269|0x00000006d3300000, 0x00000006d3400000, 0x00000006d3400000|100%| E|CS|TAMS 0x00000006d3300000, 0x00000006d3300000| Complete 
| 270|0x00000006d3400000, 0x00000006d3500000, 0x00000006d3500000|100%| E|CS|TAMS 0x00000006d3400000, 0x00000006d3400000| Complete 
| 271|0x00000006d3500000, 0x00000006d3600000, 0x00000006d3600000|100%| E|CS|TAMS 0x00000006d3500000, 0x00000006d3500000| Complete 
| 272|0x00000006d3600000, 0x00000006d3700000, 0x00000006d3700000|100%| E|CS|TAMS 0x00000006d3600000, 0x00000006d3600000| Complete 
| 273|0x00000006d3700000, 0x00000006d3800000, 0x00000006d3800000|100%| E|CS|TAMS 0x00000006d3700000, 0x00000006d3700000| Complete 
| 274|0x00000006d3800000, 0x00000006d3900000, 0x00000006d3900000|100%| E|CS|TAMS 0x00000006d3800000, 0x00000006d3800000| Complete 
| 275|0x00000006d3900000, 0x00000006d3a00000, 0x00000006d3a00000|100%| E|CS|TAMS 0x00000006d3900000, 0x00000006d3900000| Complete 
| 276|0x00000006d3a00000, 0x00000006d3b00000, 0x00000006d3b00000|100%| E|CS|TAMS 0x00000006d3a00000, 0x00000006d3a00000| Complete 
| 277|0x00000006d3b00000, 0x00000006d3c00000, 0x00000006d3c00000|100%| E|CS|TAMS 0x00000006d3b00000, 0x00000006d3b00000| Complete 
| 278|0x00000006d3c00000, 0x00000006d3d00000, 0x00000006d3d00000|100%| E|CS|TAMS 0x00000006d3c00000, 0x00000006d3c00000| Complete 
| 279|0x00000006d3d00000, 0x00000006d3e00000, 0x00000006d3e00000|100%| E|CS|TAMS 0x00000006d3d00000, 0x00000006d3d00000| Complete 
| 280|0x00000006d3e00000, 0x00000006d3f00000, 0x00000006d3f00000|100%| E|CS|TAMS 0x00000006d3e00000, 0x00000006d3e00000| Complete 
| 281|0x00000006d3f00000, 0x00000006d4000000, 0x00000006d4000000|100%| E|CS|TAMS 0x00000006d3f00000, 0x00000006d3f00000| Complete 
| 282|0x00000006d4000000, 0x00000006d4100000, 0x00000006d4100000|100%| E|CS|TAMS 0x00000006d4000000, 0x00000006d4000000| Complete 
| 283|0x00000006d4100000, 0x00000006d4200000, 0x00000006d4200000|100%| E|CS|TAMS 0x00000006d4100000, 0x00000006d4100000| Complete 
| 284|0x00000006d4200000, 0x00000006d4300000, 0x00000006d4300000|100%| E|CS|TAMS 0x00000006d4200000, 0x00000006d4200000| Complete 
| 285|0x00000006d4300000, 0x00000006d4400000, 0x00000006d4400000|100%| E|CS|TAMS 0x00000006d4300000, 0x00000006d4300000| Complete 
| 286|0x00000006d4400000, 0x00000006d4500000, 0x00000006d4500000|100%| E|CS|TAMS 0x00000006d4400000, 0x00000006d4400000| Complete 
| 287|0x00000006d4500000, 0x00000006d4600000, 0x00000006d4600000|100%| E|CS|TAMS 0x00000006d4500000, 0x00000006d4500000| Complete 
| 288|0x00000006d4600000, 0x00000006d4700000, 0x00000006d4700000|100%| E|CS|TAMS 0x00000006d4600000, 0x00000006d4600000| Complete 
| 289|0x00000006d4700000, 0x00000006d4800000, 0x00000006d4800000|100%| E|CS|TAMS 0x00000006d4700000, 0x00000006d4700000| Complete 
| 290|0x00000006d4800000, 0x00000006d4900000, 0x00000006d4900000|100%| E|CS|TAMS 0x00000006d4800000, 0x00000006d4800000| Complete 
| 291|0x00000006d4900000, 0x00000006d4a00000, 0x00000006d4a00000|100%| E|CS|TAMS 0x00000006d4900000, 0x00000006d4900000| Complete 
| 292|0x00000006d4a00000, 0x00000006d4b00000, 0x00000006d4b00000|100%| E|CS|TAMS 0x00000006d4a00000, 0x00000006d4a00000| Complete 
| 293|0x00000006d4b00000, 0x00000006d4c00000, 0x00000006d4c00000|100%| E|CS|TAMS 0x00000006d4b00000, 0x00000006d4b00000| Complete 
| 294|0x00000006d4c00000, 0x00000006d4d00000, 0x00000006d4d00000|100%| E|CS|TAMS 0x00000006d4c00000, 0x00000006d4c00000| Complete 
| 295|0x00000006d4d00000, 0x00000006d4e00000, 0x00000006d4e00000|100%| E|CS|TAMS 0x00000006d4d00000, 0x00000006d4d00000| Complete 
| 296|0x00000006d4e00000, 0x00000006d4f00000, 0x00000006d4f00000|100%| E|CS|TAMS 0x00000006d4e00000, 0x00000006d4e00000| Complete 
| 297|0x00000006d4f00000, 0x00000006d5000000, 0x00000006d5000000|100%| E|CS|TAMS 0x00000006d4f00000, 0x00000006d4f00000| Complete 
| 298|0x00000006d5000000, 0x00000006d5100000, 0x00000006d5100000|100%| E|CS|TAMS 0x00000006d5000000, 0x00000006d5000000| Complete 
| 299|0x00000006d5100000, 0x00000006d5200000, 0x00000006d5200000|100%| E|CS|TAMS 0x00000006d5100000, 0x00000006d5100000| Complete 
| 300|0x00000006d5200000, 0x00000006d5300000, 0x00000006d5300000|100%| E|CS|TAMS 0x00000006d5200000, 0x00000006d5200000| Complete 
| 301|0x00000006d5300000, 0x00000006d5400000, 0x00000006d5400000|100%| E|CS|TAMS 0x00000006d5300000, 0x00000006d5300000| Complete 
| 302|0x00000006d5400000, 0x00000006d5500000, 0x00000006d5500000|100%| E|CS|TAMS 0x00000006d5400000, 0x00000006d5400000| Complete 
| 303|0x00000006d5500000, 0x00000006d5600000, 0x00000006d5600000|100%| E|CS|TAMS 0x00000006d5500000, 0x00000006d5500000| Complete 
| 304|0x00000006d5600000, 0x00000006d5700000, 0x00000006d5700000|100%| E|CS|TAMS 0x00000006d5600000, 0x00000006d5600000| Complete 
| 305|0x00000006d5700000, 0x00000006d5800000, 0x00000006d5800000|100%| E|CS|TAMS 0x00000006d5700000, 0x00000006d5700000| Complete 
| 306|0x00000006d5800000, 0x00000006d5900000, 0x00000006d5900000|100%| E|CS|TAMS 0x00000006d5800000, 0x00000006d5800000| Complete 
| 307|0x00000006d5900000, 0x00000006d5a00000, 0x00000006d5a00000|100%| E|CS|TAMS 0x00000006d5900000, 0x00000006d5900000| Complete 
| 308|0x00000006d5a00000, 0x00000006d5b00000, 0x00000006d5b00000|100%| E|CS|TAMS 0x00000006d5a00000, 0x00000006d5a00000| Complete 
| 309|0x00000006d5b00000, 0x00000006d5c00000, 0x00000006d5c00000|100%| E|CS|TAMS 0x00000006d5b00000, 0x00000006d5b00000| Complete 
| 310|0x00000006d5c00000, 0x00000006d5d00000, 0x00000006d5d00000|100%| E|CS|TAMS 0x00000006d5c00000, 0x00000006d5c00000| Complete 
| 311|0x00000006d5d00000, 0x00000006d5e00000, 0x00000006d5e00000|100%| E|CS|TAMS 0x00000006d5d00000, 0x00000006d5d00000| Complete 
| 312|0x00000006d5e00000, 0x00000006d5f00000, 0x00000006d5f00000|100%| E|CS|TAMS 0x00000006d5e00000, 0x00000006d5e00000| Complete 
| 313|0x00000006d5f00000, 0x00000006d6000000, 0x00000006d6000000|100%| E|CS|TAMS 0x00000006d5f00000, 0x00000006d5f00000| Complete 
| 314|0x00000006d6000000, 0x00000006d6100000, 0x00000006d6100000|100%| E|CS|TAMS 0x00000006d6000000, 0x00000006d6000000| Complete 
| 315|0x00000006d6100000, 0x00000006d6200000, 0x00000006d6200000|100%| E|CS|TAMS 0x00000006d6100000, 0x00000006d6100000| Complete 
| 316|0x00000006d6200000, 0x00000006d6300000, 0x00000006d6300000|100%| E|CS|TAMS 0x00000006d6200000, 0x00000006d6200000| Complete 
| 317|0x00000006d6300000, 0x00000006d6400000, 0x00000006d6400000|100%| E|CS|TAMS 0x00000006d6300000, 0x00000006d6300000| Complete 

Card table byte_map: [0x0000020c77530000,0x0000020c77f20000] _byte_map_base: 0x0000020c73f1d000

Marking Bits (Prev, Next): (CMBitMap*) 0x0000020c6d299fd8, (CMBitMap*) 0x0000020c6d29a010
 Prev Bits: [0x0000020c78910000, 0x0000020c7d878000)
 Next Bits: [0x0000020c0f000000, 0x0000020c13f68000)

Polling page: 0x0000020c760b0000

Metaspace:

Usage:
  Non-class:     50.65 MB capacity,    50.26 MB (>99%) used,   305.89 KB ( <1%) free+waste,   100.75 KB ( <1%) overhead. 
      Class:      7.12 MB capacity,     6.82 MB ( 96%) used,   264.40 KB (  4%) free+waste,    47.38 KB ( <1%) overhead. 
       Both:     57.77 MB capacity,    57.07 MB ( 99%) used,   570.29 KB ( <1%) free+waste,   148.12 KB ( <1%) overhead. 

Virtual space:
  Non-class space:       52.00 MB reserved,      50.83 MB ( 98%) committed 
      Class space:        1.00 GB reserved,       7.20 MB ( <1%) committed 
             Both:        1.05 GB reserved,      58.03 MB (  5%) committed 

Chunk freelists:
   Non-Class:  6.25 KB
       Class:  640 bytes
        Both:  6.88 KB

CodeHeap 'non-profiled nmethods': size=120000Kb used=2966Kb max_used=2966Kb free=117034Kb
 bounds [0x0000020c07ad0000, 0x0000020c07dc0000, 0x0000020c0f000000]
CodeHeap 'profiled nmethods': size=120000Kb used=12924Kb max_used=12924Kb free=107076Kb
 bounds [0x0000020c005a0000, 0x0000020c01240000, 0x0000020c07ad0000]
CodeHeap 'non-nmethods': size=5760Kb used=1225Kb max_used=1275Kb free=4535Kb
 bounds [0x0000020c00000000, 0x0000020c00270000, 0x0000020c005a0000]
 total_blobs=6227 nmethods=5646 adapters=492
 compilation: enabled
              stopped_count=0, restarted_count=0
 full_count=0

Compilation events (10 events):
Event: 8.397 Thread 0x0000020c14dae000 nmethod 5616 0x0000020c0120da10 code [0x0000020c0120dc40, 0x0000020c0120e398]
Event: 8.397 Thread 0x0000020c14dae000 5619       3       org.jetbrains.kotlin.descriptors.Visibility::compareTo (15 bytes)
Event: 8.397 Thread 0x0000020c14dae000 nmethod 5619 0x0000020c0120e610 code [0x0000020c0120e820, 0x0000020c0120ee08]
Event: 8.397 Thread 0x0000020c14dae000 5620       3       org.jetbrains.kotlin.descriptors.Visibilities::compareLocal$compiler_common (88 bytes)
Event: 8.399 Thread 0x0000020c14dae000 nmethod 5620 0x0000020c0120f090 code [0x0000020c0120f4e0, 0x0000020c012114b8]
Event: 8.399 Thread 0x0000020c14dae000 5618       3       org.jetbrains.kotlin.load.java.SpecialGenericSignatures$Companion::getSameAsRenamedInJvmBuiltin (17 bytes)
Event: 8.400 Thread 0x0000020c14dae000 nmethod 5618 0x0000020c01211f90 code [0x0000020c012121e0, 0x0000020c01212b68]
Event: 8.400 Thread 0x0000020c14dae000 5617       1       org.jetbrains.kotlin.serialization.deserialization.descriptors.DeserializedClassDescriptor$DeserializedClassMemberScope::getClassDescriptor (5 bytes)
Event: 8.400 Thread 0x0000020c14dae000 nmethod 5617 0x0000020c07dada90 code [0x0000020c07dadc20, 0x0000020c07dadcd8]
Event: 8.402 Thread 0x0000020c14da1000 nmethod 5583 0x0000020c07dadd90 code [0x0000020c07dadfc0, 0x0000020c07daf378]

GC Heap History (10 events):
Event: 1.876 GC heap before
{Heap before GC invocations=1 (full 0):
 garbage-first heap   total 325632K, used 42685K [0x00000006c2600000, 0x0000000800000000)
  region size 1024K, 40 young (40960K), 3 survivors (3072K)
 Metaspace       used 20945K, capacity 21116K, committed 21296K, reserved 1069056K
  class space    used 2246K, capacity 2344K, committed 2432K, reserved 1048576K
}
Event: 1.881 GC heap after
{Heap after GC invocations=2 (full 0):
 garbage-first heap   total 325632K, used 9265K [0x00000006c2600000, 0x0000000800000000)
  region size 1024K, 7 young (7168K), 7 survivors (7168K)
 Metaspace       used 20945K, capacity 21116K, committed 21296K, reserved 1069056K
  class space    used 2246K, capacity 2344K, committed 2432K, reserved 1048576K
}
Event: 3.395 GC heap before
{Heap before GC invocations=3 (full 0):
 garbage-first heap   total 325632K, used 66609K [0x00000006c2600000, 0x0000000800000000)
  region size 1024K, 58 young (59392K), 7 survivors (7168K)
 Metaspace       used 33374K, capacity 33810K, committed 34096K, reserved 1079296K
  class space    used 4202K, capacity 4375K, committed 4480K, reserved 1048576K
}
Event: 3.404 GC heap after
{Heap after GC invocations=4 (full 0):
 garbage-first heap   total 325632K, used 20536K [0x00000006c2600000, 0x0000000800000000)
  region size 1024K, 8 young (8192K), 8 survivors (8192K)
 Metaspace       used 33374K, capacity 33810K, committed 34096K, reserved 1079296K
  class space    used 4202K, capacity 4375K, committed 4480K, reserved 1048576K
}
Event: 3.627 GC heap before
{Heap before GC invocations=4 (full 0):
 garbage-first heap   total 325632K, used 27704K [0x00000006c2600000, 0x0000000800000000)
  region size 1024K, 15 young (15360K), 8 survivors (8192K)
 Metaspace       used 34421K, capacity 34813K, committed 34864K, reserved 1079296K
  class space    used 4303K, capacity 4475K, committed 4480K, reserved 1048576K
}
Event: 3.634 GC heap after
{Heap after GC invocations=5 (full 0):
 garbage-first heap   total 325632K, used 20467K [0x00000006c2600000, 0x0000000800000000)
  region size 1024K, 2 young (2048K), 2 survivors (2048K)
 Metaspace       used 34421K, capacity 34813K, committed 34864K, reserved 1079296K
  class space    used 4303K, capacity 4475K, committed 4480K, reserved 1048576K
}
Event: 3.704 GC heap before
{Heap before GC invocations=5 (full 0):
 garbage-first heap   total 325632K, used 25587K [0x00000006c2600000, 0x0000000800000000)
  region size 1024K, 8 young (8192K), 2 survivors (2048K)
 Metaspace       used 35492K, capacity 35852K, committed 35920K, reserved 1081344K
  class space    used 4432K, capacity 4608K, committed 4608K, reserved 1048576K
}
Event: 3.705 GC heap after
{Heap after GC invocations=6 (full 0):
 garbage-first heap   total 325632K, used 20310K [0x00000006c2600000, 0x0000000800000000)
  region size 1024K, 2 young (2048K), 2 survivors (2048K)
 Metaspace       used 35492K, capacity 35852K, committed 35920K, reserved 1081344K
  class space    used 4432K, capacity 4608K, committed 4608K, reserved 1048576K
}
Event: 5.578 GC heap before
{Heap before GC invocations=7 (full 0):
 garbage-first heap   total 325632K, used 99158K [0x00000006c2600000, 0x0000000800000000)
  region size 1024K, 76 young (77824K), 2 survivors (2048K)
 Metaspace       used 52318K, capacity 52948K, committed 53148K, reserved 1095680K
  class space    used 6338K, capacity 6613K, committed 6732K, reserved 1048576K
}
Event: 5.586 GC heap after
{Heap after GC invocations=8 (full 0):
 garbage-first heap   total 325632K, used 29434K [0x00000006c2600000, 0x0000000800000000)
  region size 1024K, 9 young (9216K), 9 survivors (9216K)
 Metaspace       used 52318K, capacity 52948K, committed 53148K, reserved 1095680K
  class space    used 6338K, capacity 6613K, committed 6732K, reserved 1048576K
}

Deoptimization events (10 events):
Event: 7.883 Thread 0x0000020c6d224800 Uncommon trap: reason=profile_predicate action=maybe_recompile pc=0x0000020c07d5ae2c method=org.jetbrains.kotlin.serialization.deserialization.descriptors.DeserializedPackageMemberScope.hasClass(Lorg/jetbrains/kotlin/name/Name;)Z @ 65 c2
Event: 7.883 Thread 0x0000020c6d224800 Uncommon trap: reason=profile_predicate action=maybe_recompile pc=0x0000020c07d5ae2c method=org.jetbrains.kotlin.serialization.deserialization.descriptors.DeserializedPackageMemberScope.hasClass(Lorg/jetbrains/kotlin/name/Name;)Z @ 65 c2
Event: 7.883 Thread 0x0000020c6d224800 Uncommon trap: reason=profile_predicate action=maybe_recompile pc=0x0000020c07d56684 method=org.jetbrains.kotlin.serialization.deserialization.descriptors.DeserializedPackageMemberScope.hasClass(Lorg/jetbrains/kotlin/name/Name;)Z @ 65 c2
Event: 7.883 Thread 0x0000020c6d224800 Uncommon trap: reason=profile_predicate action=maybe_recompile pc=0x0000020c07d62324 method=org.jetbrains.kotlin.serialization.deserialization.descriptors.DeserializedPackageMemberScope.hasClass(Lorg/jetbrains/kotlin/name/Name;)Z @ 65 c2
Event: 8.105 Thread 0x0000020c6d224800 Uncommon trap: reason=profile_predicate action=maybe_recompile pc=0x0000020c07d736ac method=org.jetbrains.kotlin.com.intellij.psi.impl.source.CharTableImpl$StringHashToCharSequencesMap.charSequenceSubSequenceEquals(Ljava/lang/CharSequence;Ljava/lang/CharS
Event: 8.105 Thread 0x0000020c6d224800 Uncommon trap: reason=profile_predicate action=maybe_recompile pc=0x0000020c07d736ac method=org.jetbrains.kotlin.com.intellij.psi.impl.source.CharTableImpl$StringHashToCharSequencesMap.charSequenceSubSequenceEquals(Ljava/lang/CharSequence;Ljava/lang/CharS
Event: 8.105 Thread 0x0000020c6d224800 Uncommon trap: reason=profile_predicate action=maybe_recompile pc=0x0000020c07d736ac method=org.jetbrains.kotlin.com.intellij.psi.impl.source.CharTableImpl$StringHashToCharSequencesMap.charSequenceSubSequenceEquals(Ljava/lang/CharSequence;Ljava/lang/CharS
Event: 8.105 Thread 0x0000020c6d224800 Uncommon trap: reason=profile_predicate action=maybe_recompile pc=0x0000020c07d736ac method=org.jetbrains.kotlin.com.intellij.psi.impl.source.CharTableImpl$StringHashToCharSequencesMap.charSequenceSubSequenceEquals(Ljava/lang/CharSequence;Ljava/lang/CharS
Event: 8.242 Thread 0x0000020c6d224800 Uncommon trap: reason=null_check action=make_not_entrant pc=0x0000020c07cdb110 method=org.jetbrains.kotlin.storage.LockBasedStorageManager$LockBasedLazyValue.invoke()Ljava/lang/Object; @ 6 c2
Event: 8.242 Thread 0x0000020c6d224800 Uncommon trap: reason=null_check action=make_not_entrant pc=0x0000020c07cd4d48 method=org.jetbrains.kotlin.utils.WrappedValues.unescapeThrowable(Ljava/lang/Object;)Ljava/lang/Object; @ 1 c2

Classes redefined (0 events):
No events

Internal exceptions (10 events):
Event: 6.051 Thread 0x0000020c6d224800 Exception <a 'java/lang/NoSuchMethodError'{0x00000006d4e4c470}: java.lang.invoke.DirectMethodHandle$Holder.invokeStatic(Ljava/lang/Object;Ljava/lang/Object;Ljava/lang/Object;Ljava/lang/Object;Ljava/lang/Object;)I> (0x00000006d4e4c470) thrown at [./open/sr
Event: 6.531 Thread 0x0000020c6d224800 Exception <a 'java/lang/NoSuchMethodError'{0x00000006d456af90}: java.lang.invoke.DirectMethodHandle$Holder.invokeSpecial(Ljava/lang/Object;Ljava/lang/Object;Ljava/lang/Object;Ljava/lang/Object;Ljava/lang/Object;Ljava/lang/Object;Ljava/lang/Object;Ljava/la
Event: 6.532 Thread 0x0000020c6d224800 Exception <a 'java/lang/NoSuchMethodError'{0x00000006d456f188}: java.lang.invoke.Invokers$Holder.linkToTargetMethod(Ljava/lang/Object;Ljava/lang/Object;Ljava/lang/Object;Ljava/lang/Object;Ljava/lang/Object;Ljava/lang/Object;Ljava/lang/Object;Ljava/lang/Ob
Event: 6.702 Thread 0x0000020c6d224800 Exception <a 'java/lang/NoSuchMethodError'{0x00000006d426b110}: java.lang.invoke.Invokers$Holder.linkToTargetMethod(Ljava/lang/Object;Ljava/lang/Object;Ljava/lang/Object;Ljava/lang/Object;Ljava/lang/Object;Ljava/lang/Object;)Ljava/lang/Object;> (0x0000000
Event: 6.820 Thread 0x0000020c6d224800 Implicit null exception at 0x0000020c07d19afe to 0x0000020c07d19d74
Event: 6.858 Thread 0x0000020c6d224800 Implicit null exception at 0x0000020c07bff24c to 0x0000020c07bff334
Event: 7.052 Thread 0x0000020c6d224800 Implicit null exception at 0x0000020c07b64ed5 to 0x0000020c07b650c0
Event: 8.242 Thread 0x0000020c6d224800 Implicit null exception at 0x0000020c07cda535 to 0x0000020c07cdb100
Event: 8.242 Thread 0x0000020c6d224800 Implicit null exception at 0x0000020c07cd4d0f to 0x0000020c07cd4d3c
Event: 8.335 Thread 0x0000020c6d224800 Exception <a 'java/lang/IncompatibleClassChangeError'{0x00000006d26bd6b8}: Found class java.lang.Object, but interface was expected> (0x00000006d26bd6b8) thrown at [./open/src/hotspot/share/interpreter/linkResolver.cpp, line 838]

Events (10 events):
Event: 8.434 loading class org/jetbrains/kotlin/codegen/state/InlineClassManglingUtilsKt
Event: 8.434 loading class org/jetbrains/kotlin/codegen/state/InlineClassManglingUtilsKt done
Event: 8.439 loading class org/jetbrains/org/objectweb/asm/commons/Method
Event: 8.439 loading class org/jetbrains/org/objectweb/asm/commons/Method done
Event: 8.440 loading class org/jetbrains/kotlin/resolve/jvm/jvmSignature/JvmMethodGenericSignature
Event: 8.440 loading class org/jetbrains/kotlin/resolve/jvm/jvmSignature/JvmMethodGenericSignature done
Event: 8.440 loading class org/jetbrains/kotlin/resolve/jvm/jvmSignature/JvmMethodSignature
Event: 8.440 loading class org/jetbrains/kotlin/resolve/jvm/jvmSignature/JvmMethodSignature done
Event: 8.441 loading class org/jetbrains/kotlin/resolve/jvm/InlineClassManglingRulesKt
Event: 8.441 loading class org/jetbrains/kotlin/resolve/jvm/InlineClassManglingRulesKt done


Dynamic libraries:
0x00007ff7b9220000 - 0x00007ff7b9230000 	C:\Program Files\Java\jdk-11\bin\java.exe
0x00007ff940d30000 - 0x00007ff940f47000 	C:\WINDOWS\SYSTEM32\ntdll.dll
0x00007ff93f360000 - 0x00007ff93f424000 	C:\WINDOWS\System32\KERNEL32.DLL
0x00007ff93e500000 - 0x00007ff93e8a6000 	C:\WINDOWS\System32\KERNELBASE.dll
0x00007ff93e970000 - 0x00007ff93ea81000 	C:\WINDOWS\System32\ucrtbase.dll
0x00007ff932210000 - 0x00007ff93222b000 	C:\Program Files\Java\jdk-11\bin\VCRUNTIME140.dll
0x00007ff9321f0000 - 0x00007ff932209000 	C:\Program Files\Java\jdk-11\bin\jli.dll
0x00007ff93f020000 - 0x00007ff93f0d0000 	C:\WINDOWS\System32\ADVAPI32.dll
0x00007ff93ee80000 - 0x00007ff93ef27000 	C:\WINDOWS\System32\msvcrt.dll
0x00007ff93f220000 - 0x00007ff93f2c6000 	C:\WINDOWS\System32\sechost.dll
0x00007ff93f0d0000 - 0x00007ff93f1e7000 	C:\WINDOWS\System32\RPCRT4.dll
0x00007ff940620000 - 0x00007ff9407cd000 	C:\WINDOWS\System32\USER32.dll
0x00007ff93e4d0000 - 0x00007ff93e4f6000 	C:\WINDOWS\System32\win32u.dll
0x00007ff9407d0000 - 0x00007ff9407f9000 	C:\WINDOWS\System32\GDI32.dll
0x00007ff93e1a0000 - 0x00007ff93e2b8000 	C:\WINDOWS\System32\gdi32full.dll
0x00007ff91eaa0000 - 0x00007ff91ed33000 	C:\WINDOWS\WinSxS\amd64_microsoft.windows.common-controls_6595b64144ccf1df_6.0.22621.2361_none_2712ced57382f843\COMCTL32.dll
0x00007ff93e430000 - 0x00007ff93e4ca000 	C:\WINDOWS\System32\msvcp_win.dll
0x00007ff932620000 - 0x00007ff93262a000 	C:\WINDOWS\SYSTEM32\VERSION.dll
0x00007ff93f320000 - 0x00007ff93f351000 	C:\WINDOWS\System32\IMM32.DLL
0x00007ff932820000 - 0x00007ff93282c000 	C:\Program Files\Java\jdk-11\bin\vcruntime140_1.dll
0x00007ff92a140000 - 0x00007ff92a1ce000 	C:\Program Files\Java\jdk-11\bin\msvcp140.dll
0x00007ff8a2760000 - 0x00007ff8a32cd000 	C:\Program Files\Java\jdk-11\bin\server\jvm.dll
0x00007ff940c80000 - 0x00007ff940c88000 	C:\WINDOWS\System32\PSAPI.DLL
0x00007ff93b0e0000 - 0x00007ff93b0e9000 	C:\WINDOWS\SYSTEM32\WSOCK32.dll
0x00007ff9405a0000 - 0x00007ff940611000 	C:\WINDOWS\System32\WS2_32.dll
0x00007ff9320f0000 - 0x00007ff932124000 	C:\WINDOWS\SYSTEM32\WINMM.dll
0x00007ff93d1e0000 - 0x00007ff93d1f8000 	C:\WINDOWS\SYSTEM32\kernel.appcore.dll
0x00007ff92f3c0000 - 0x00007ff92f3d0000 	C:\Program Files\Java\jdk-11\bin\verify.dll
0x00007ff93b930000 - 0x00007ff93bb5e000 	C:\WINDOWS\SYSTEM32\DBGHELP.DLL
0x00007ff940210000 - 0x00007ff94059a000 	C:\WINDOWS\System32\combase.dll
0x00007ff93ef40000 - 0x00007ff93f017000 	C:\WINDOWS\System32\OLEAUT32.dll
0x00007ff931ef0000 - 0x00007ff931f22000 	C:\WINDOWS\SYSTEM32\dbgcore.DLL
0x00007ff93e0b0000 - 0x00007ff93e12a000 	C:\WINDOWS\System32\bcryptPrimitives.dll
0x00007ff92f340000 - 0x00007ff92f368000 	C:\Program Files\Java\jdk-11\bin\java.dll
0x00007ff92f1b0000 - 0x00007ff92f1ba000 	C:\Program Files\Java\jdk-11\bin\jimage.dll
0x00007ff92f190000 - 0x00007ff92f1a7000 	C:\Program Files\Java\jdk-11\bin\zip.dll
0x00007ff93f9b0000 - 0x00007ff940208000 	C:\WINDOWS\System32\SHELL32.dll
0x00007ff93c010000 - 0x00007ff93c902000 	C:\WINDOWS\SYSTEM32\windows.storage.dll
0x00007ff93bed0000 - 0x00007ff93c00e000 	C:\WINDOWS\SYSTEM32\wintypes.dll
0x00007ff93f600000 - 0x00007ff93f6f3000 	C:\WINDOWS\System32\SHCORE.dll
0x00007ff940c90000 - 0x00007ff940cee000 	C:\WINDOWS\System32\shlwapi.dll
0x00007ff93dfe0000 - 0x00007ff93e006000 	C:\WINDOWS\SYSTEM32\profapi.dll
0x00007ff92f130000 - 0x00007ff92f149000 	C:\Program Files\Java\jdk-11\bin\net.dll
0x00007ff934290000 - 0x00007ff9343c7000 	C:\WINDOWS\SYSTEM32\WINHTTP.dll
0x00007ff93d660000 - 0x00007ff93d6c9000 	C:\WINDOWS\system32\mswsock.dll
0x00007ff92edc0000 - 0x00007ff92edd2000 	C:\Program Files\Java\jdk-11\bin\nio.dll

dbghelp: loaded successfully - version: 4.0.5 - missing functions: none
symbol engine: initialized successfully - sym options: 0x614 - pdb path: .;C:\Program Files\Java\jdk-11\bin;C:\WINDOWS\SYSTEM32;C:\WINDOWS\WinSxS\amd64_microsoft.windows.common-controls_6595b64144ccf1df_6.0.22621.2361_none_2712ced57382f843;C:\Program Files\Java\jdk-11\bin\server

VM Arguments:
java_command: org.jetbrains.kotlin.cli.jvm.K2JVMCompiler @D:\projetoAmbiental\node_modules\react-native-safe-area-context\android\build\20231106_9883054669405863587.compiler.options
java_class_path (initial): C:\Users\mateu\.gradle\caches\modules-2\files-2.1\org.jetbrains.kotlin\kotlin-compiler-embeddable\1.6.20\18f66cca4301c12893ebe4ef47d65c3d9d2bff9b\kotlin-compiler-embeddable-1.6.20.jar;C:\Users\mateu\.gradle\caches\modules-2\files-2.1\org.jetbrains.kotlin\kotlin-reflect\1.6.20\669965154723f1a712e8677af0cc5470dfdab81c\kotlin-reflect-1.6.20.jar;C:\Users\mateu\.gradle\caches\modules-2\files-2.1\org.jetbrains.kotlin\kotlin-stdlib\1.6.20\6cedc143badbb4f1c6b7f5a340b04edff1743208\kotlin-stdlib-1.6.20.jar;C:\Users\mateu\.gradle\caches\modules-2\files-2.1\org.jetbrains.kotlin\kotlin-script-runtime\1.6.20\a115c367e0fd9c8909293b208689afca0c88a6f1\kotlin-script-runtime-1.6.20.jar;C:\Users\mateu\.gradle\caches\modules-2\files-2.1\org.jetbrains.kotlin\kotlin-daemon-embeddable\1.6.20\d4cac343029f48f106c57f457384771165d7deb5\kotlin-daemon-embeddable-1.6.20.jar;C:\Users\mateu\.gradle\caches\modules-2\files-2.1\org.jetbrains.intellij.deps\trove4j\1.0.20200330\3afb14d5f9ceb459d724e907a21145e8ff394f02\trove4j-1.0.20200330.jar;C:\Users\mateu\.gradle\caches\modules-2\files-2.1\net.java.dev.jna\jna\5.6.0\330f2244e9030119ab3030fc3fededc86713d9cc\jna-5.6.0.jar;C:\Users\mateu\.gradle\caches\modules-2\files-2.1\org.jetbrains.kotlin\kotlin-stdlib-common\1.6.20\27b4562b6713d70f458c6d7ea39aadacb8e6a92b\kotlin-stdlib-common-1.6.20.jar;C:\Users\mateu\.gradle\caches\modules-2\files-2.1\org.jetbrains\annotations\13.0\919f0dfe192fb4e063e7dacadee7f8bb9a2672a9\annotations-13.0.jar
Launcher Type: SUN_STANDARD

[Global flags]
     intx CICompilerCount                          = 4                                         {product} {ergonomic}
     uint ConcGCThreads                            = 2                                         {product} {ergonomic}
     uint G1ConcRefinementThreads                  = 8                                         {product} {ergonomic}
   size_t G1HeapRegionSize                         = 1048576                                   {product} {ergonomic}
    uintx GCDrainStackTargetSize                   = 64                                        {product} {ergonomic}
   size_t InitialHeapSize                          = 333447168                                 {product} {ergonomic}
   size_t MarkStackSize                            = 4194304                                   {product} {ergonomic}
   size_t MaxHeapSize                              = 5328863232                                {product} {ergonomic}
   size_t MaxNewSize                               = 3197108224                                {product} {ergonomic}
   size_t MinHeapDeltaBytes                        = 1048576                                   {product} {ergonomic}
    uintx NonNMethodCodeHeapSize                   = 5836300                                {pd product} {ergonomic}
    uintx NonProfiledCodeHeapSize                  = 122910970                              {pd product} {ergonomic}
    uintx ProfiledCodeHeapSize                     = 122910970                              {pd product} {ergonomic}
    uintx ReservedCodeCacheSize                    = 251658240                              {pd product} {ergonomic}
     bool SegmentedCodeCache                       = true                                      {product} {ergonomic}
     bool UseCompressedClassPointers               = true                                 {lp64_product} {ergonomic}
     bool UseCompressedOops                        = true                                 {lp64_product} {ergonomic}
     bool UseG1GC                                  = true                                      {product} {ergonomic}
     bool UseLargePagesIndividualAllocation        = false                                  {pd product} {ergonomic}

Logging:
Log output configuration:
 #0: stdout all=warning uptime,level,tags
 #1: stderr all=off uptime,level,tags

Environment Variables:
JAVA_HOME=C:\Program Files\Java\jdk-11
CLASSPATH=D:\projetoAmbiental\android\\gradle\wrapper\gradle-wrapper.jar
PATH=D:\projetoAmbiental\node_modules\.bin;D:\projetoAmbiental\node_modules\.bin;D:\node_modules\.bin;C:\Program Files\nodejs\node_modules\npm\node_modules\@npmcli\run-script\lib\node-gyp-bin;C:\Users\mateu\bin;C:\Program Files\Git\mingw64\bin;C:\Program Files\Git\usr\local\bin;C:\Program Files\Git\usr\bin;C:\Program Files\Git\usr\bin;C:\Program Files\Git\mingw64\bin;C:\Program Files\Git\usr\bin;C:\Users\mateu\bin;C:\Program Files\Common Files\Oracle\Java\javapath;C:\Program Files\Microsoft\jdk-11.0.20.8-hotspot\bin;C:\Windows\system32;C:\Windows;C:\Windows\System32\Wbem;C:\Windows\System32\WindowsPowerShell\v1.0;C:\Windows\System32\OpenSSH;C:\Program Files (x86)\NVIDIA Corporation\PhysX\Common;C:\Program Files\NVIDIA Corporation\NVIDIA NvDLISR;C:\WINDOWS\system32;C:\WINDOWS;C:\WINDOWS\System32\Wbem;C:\WINDOWS\System32\WindowsPowerShell\v1.0;C:\WINDOWS\System32\OpenSSH;C:\ProgramData\chocolatey\bin;D:\SDK\platform-tools;C:\Program Files\Git\cmd;C:\Program Files\nodejs;C:\Users\mateu\AppData\Local\Programs\Python\Python312\Scripts;C:\Users\mateu\AppData\Local\Programs\Python\Python312;C:\Users\mateu\AppData\Local\Microsoft\WindowsApps;D:\VSCode\Microsoft VS Code\bin;C:\Program Files\Java\jdk-11\bin;C:\Users\mateu\AppData\Roaming\npm;C:\Program Files\Java\jdk-11\bin;D:\SDK\platform-tools;C:\Program Files\Git\usr\bin\vendor_perl;C:\Program Files\Git\usr\bin\core_perl
USERNAME=mateu
SHELL=C:\Program Files\Git\usr\bin\bash.exe
DISPLAY=needs-to-be-defined
OS=Windows_NT
PROCESSOR_IDENTIFIER=Intel64 Family 6 Model 158 Stepping 10, GenuineIntel



---------------  S Y S T E M  ---------------

OS: Windows 11 , 64 bit Build 22621 (10.0.22621.2428)

CPU:total 8 (initial active 8) (4 cores per cpu, 2 threads per core) family 6 model 158 stepping 10 microcode 0xde, cmov, cx8, fxsr, mmx, sse, sse2, sse3, ssse3, sse4.1, sse4.2, popcnt, avx, avx2, aes, clmul, erms, 3dnowpref, lzcnt, ht, tsc, tscinvbit, bmi1, bmi2, adx, fma

Memory: 4k page, system-wide physical 20324M (1433M free)
TotalPageFile size 26450M (AvailPageFile size 9M)
current process WorkingSet (physical memory assigned to process): 278M, peak: 283M
current process commit charge ("private bytes"): 533M, peak: 540M

vm_info: Java HotSpot(TM) 64-Bit Server VM (11.0.20+9-LTS-256) for windows-amd64 JRE (11.0.20+9-LTS-256), built on Jun 14 2023 10:34:22 by "mach5one" with MS VC++ 17.1 (VS2022)

END.
